0 info it worked if it ends with ok
1 verbose cli [
1 verbose cli   '/Users/thayslacerda/.nvm/versions/node/v18.18.0/bin/node',
1 verbose cli   '/Users/thayslacerda/.nvm/versions/node/v18.18.0/bin/npm',
1 verbose cli   'install'
1 verbose cli ]
2 info using npm@3.10.10
3 info using node@v18.18.0
4 silly loadCurrentTree Starting
5 silly install loadCurrentTree
6 silly install readLocalPackageData
7 verbose stack TypeError: cb.apply is not a function
7 verbose stack     at /Users/thayslacerda/.nvm/versions/node/v18.18.0/lib/node_modules/npm/node_modules/graceful-fs/polyfills.js:267:18
7 verbose stack     at FSReqCallback.oncomplete (node:fs:211:5)
8 verbose cwd /Users/thayslacerda/Documents/Codes/react-native-coach4me/web
9 error Darwin 24.6.0
10 error argv "/Users/thayslacerda/.nvm/versions/node/v18.18.0/bin/node" "/Users/thayslacerda/.nvm/versions/node/v18.18.0/bin/npm" "install"
11 error node v18.18.0
12 error npm  v3.10.10
13 error cb.apply is not a function
14 error If you need help, you may report this error at:
14 error     <https://github.com/npm/npm/issues>
15 verbose exit [ 1, true ]
